生成启动时间为 2021/6/27 21:42:42。
日志记录详细程度设置为: Normal。     1>项目“D:\code\fsgl\offline-only\多态C++管理系统\表格管理系统\表格管理系统\表格管理系统.vcxproj”在节点 2 上(Build 个目标)。
     1>InitializeBuildStatus:
         正在对“Debug\表格管理系统.tlog\unsuccessfulbuild”执行 Touch 任务。
       ClCompile:
         C:\Program Files (x86)\Microsoft Visual Studio\2019\Community\VC\Tools\MSVC\14.28.29910\bin\HostX86\x86\CL.exe /c /ZI /JMC /nologo /W3 /WX- /diagnostics:column /sdl /Od /Oy- /D WIN32 /D _DEBUG /D _CONSOLE /D _UNICODE /D UNICODE /Gm- /EHsc /RTC1 /MDd /GS /fp:precise /permissive- /Zc:wchar_t /Zc:forScope /Zc:inline /Fo"Debug\\" /Fd"Debug\vc142.pdb" /Gd /TP /analyze- /FC /errorReport:prompt tableManager.cpp
         tableManager.cpp
       Link:
         C:\Program Files (x86)\Microsoft Visual Studio\2019\Community\VC\Tools\MSVC\14.28.29910\bin\HostX86\x86\link.exe /ERRORREPORT:PROMPT /OUT:"D:\code\fsgl\offline-only\多态C++管理系统\表格管理系统\Debug\表格管理系统.exe" /INCREMENTAL /NOLOGO kernel32.lib user32.lib gdi32.lib winspool.lib comdlg32.lib advapi32.lib shell32.lib ole32.lib oleaut32.lib uuid.lib odbc32.lib odbccp32.lib /MANIFEST /MANIFESTUAC:"level='asInvoker' uiAccess='false'" /manifest:embed /DEBUG:FASTLINK /PDB:"D:\code\fsgl\offline-only\多态C++管理系统\表格管理系统\Debug\表格管理系统.pdb" /SUBSYSTEM:CONSOLE /TLBID:1 /DYNAMICBASE /NXCOMPAT /IMPLIB:"D:\code\fsgl\offline-only\多态C++管理系统\表格管理系统\Debug\表格管理系统.lib" /MACHINE:X86 Debug\table.obj
         Debug\tableManager.obj
         "Debug\表格管理.obj"
         表格管理系统.vcxproj -> D:\code\fsgl\offline-only\多态C++管理系统\表格管理系统\Debug\表格管理系统.exe
       FinalizeBuildStatus:
         正在删除文件“Debug\表格管理系统.tlog\unsuccessfulbuild”。
         正在对“Debug\表格管理系统.tlog\表格管理系统.lastbuildstate”执行 Touch 任务。
     1>已完成生成项目“D:\code\fsgl\offline-only\多态C++管理系统\表格管理系统\表格管理系统\表格管理系统.vcxproj”(Build 个目标)的操作。

已成功生成。
    0 个警告
    0 个错误

已用时间 00:00:01.82
